<?xml version="1.0" encoding="UTF-8"?>
<testsuites>
  <testsuite name="tests/test_auth.py" tests="8" failures="2" errors="0" skipped="1" time="3.241">
    <testcase classname="tests.test_auth" name="test_login_success" time="0.312"/>
    <testcase classname="tests.test_auth" name="test_login_invalid_password" time="0.287"/>
    <testcase classname="tests.test_auth" name="test_login_unknown_user" time="0.198"/>
    <testcase classname="tests.test_auth" name="test_logout" time="0.145"/>
    <testcase classname="tests.test_auth" name="test_token_refresh" time="0.421">
      <failure message="AssertionError: assert 401 == 200">AssertionError: assert 401 == 200
  File "tests/test_auth.py", line 88, in test_token_refresh
    assert response.status_code == 200
AssertionError: assert 401 == 200</failure>
    </testcase>
    <testcase classname="tests.test_auth" name="test_token_expiry" time="0.388">
      <failure message="AssertionError: assert 401 == 200">AssertionError: assert 401 == 200
  File "tests/test_auth.py", line 104, in test_token_expiry
    assert response.status_code == 200
AssertionError: assert 401 == 200</failure>
    </testcase>
    <testcase classname="tests.test_auth" name="test_oauth_flow" time="0.000">
      <skipped message="OAuth provider not configured in test env"/>
    </testcase>
    <testcase classname="tests.test_auth" name="test_password_reset" time="0.491"/>
  </testsuite>
  <testsuite name="tests/test_api.py" tests="12" failures="3" errors="1" skipped="0" time="5.118">
    <testcase classname="tests.test_api" name="test_get_users" time="0.201"/>
    <testcase classname="tests.test_api" name="test_create_user" time="0.334"/>
    <testcase classname="tests.test_api" name="test_update_user" time="0.288"/>
    <testcase classname="tests.test_api" name="test_delete_user" time="0.177"/>
    <testcase classname="tests.test_api" name="test_get_products" time="0.412">
      <failure message="ConnectionError: HTTPSConnectionPool(host='api.example.com', port=443)">requests.exceptions.ConnectionError: HTTPSConnectionPool(host='api.example.com', port=443): Max retries exceeded
  File "tests/test_api.py", line 67, in test_get_products
    response = client.get("/products")
requests.exceptions.ConnectionError</failure>
    </testcase>
    <testcase classname="tests.test_api" name="test_create_product" time="0.398">
      <failure message="ConnectionError: HTTPSConnectionPool(host='api.example.com', port=443)">requests.exceptions.ConnectionError: HTTPSConnectionPool(host='api.example.com', port=443): Max retries exceeded
  File "tests/test_api.py", line 82, in test_create_product
    response = client.post("/products", json=payload)
requests.exceptions.ConnectionError</failure>
    </testcase>
    <testcase classname="tests.test_api" name="test_search_products" time="0.356">
      <failure message="ConnectionError: HTTPSConnectionPool(host='api.example.com', port=443)">requests.exceptions.ConnectionError: HTTPSConnectionPool(host='api.example.com', port=443): Max retries exceeded
  File "tests/test_api.py", line 97, in test_search_products
    response = client.get("/products/search")
requests.exceptions.ConnectionError</failure>
    </testcase>
    <testcase classname="tests.test_api" name="test_get_orders" time="0.000">
      <error message="fixture 'db_session' not found" type="pytest.FixtureLookupError">pytest.FixtureLookupError: fixture 'db_session' not found
  File "tests/test_api.py", line 110, in test_get_orders
    available fixtures: capfd, capfdbinary, capsys...</error>
    </testcase>
    <testcase classname="tests.test_api" name="test_create_order" time="0.312"/>
    <testcase classname="tests.test_api" name="test_cancel_order" time="0.298"/>
    <testcase classname="tests.test_api" name="test_get_order_status" time="0.267"/>
    <testcase classname="tests.test_api" name="test_list_categories" time="0.223"/>
  </testsuite>
  <testsuite name="tests/test_db.py" tests="6" failures="0" errors="0" skipped="0" time="2.044">
    <testcase classname="tests.test_db" name="test_connection" time="0.412"/>
    <testcase classname="tests.test_db" name="test_migration" time="0.688"/>
    <testcase classname="tests.test_db" name="test_rollback" time="0.334"/>
    <testcase classname="tests.test_db" name="test_transaction" time="0.298"/>
    <testcase classname="tests.test_db" name="test_index_lookup" time="0.177"/>
    <testcase classname="tests.test_db" name="test_bulk_insert" time="0.135"/>
  </testsuite>
</testsuites>